<?xml version="1.0" encoding="utf-8"?><testsuites name="pytest tests"><testsuite name="pytest" errors="0" failures="0" skipped="0" tests="20" time="3.795" timestamp="2026-08-13T17:32:08.145735+00:00" hostname="agent-env-bf39b2fe-3fcc-4ecb-b96d-70f59264df13"><testcase classname="tests.backend_test.TestAuth" name="test_login_invalid" time="0.787" /><testcase classname="tests.backend_test.TestAssignments" name="test_create_outlook" time="0.789" /><testcase classname="tests.backend_test.TestAuth" name="test_me_requires_auth" time="0.220" /><testcase classname="tests.backend_test.TestAssignments" name="test_create_gmail" time="0.124" /><testcase classname="tests.backend_test.TestAssignments" name="test_duplicate_returns_409" time="0.141" /><testcase classname="tests.backend_test.TestAssignments" name="test_list_contains" time="0.134" /><testcase classname="tests.backend_test.TestAssignments" name="test_update_provider" time="0.431" /><testcase classname="tests.backend_test.TestAuth" name="test_me_ok" time="0.560" /><testcase classname="tests.backend_test.TestAuth" name="test_protected_no_token" time="0.549" /><testcase classname="tests.backend_test.TestAssignments" name="test_invalid_provider" time="0.122" /><testcase classname="tests.backend_test.TestAssignments" name="test_zzz_delete" time="0.439" /><testcase classname="tests.backend_test.TestSearch" name="test_search_outlook_not_connected" time="0.404" /><testcase classname="tests.backend_test.TestMailboxes" name="test_connect_not_configured" time="0.453" /><testcase classname="tests.backend_test.TestSearch" name="test_search_gmail_not_configured" time="0.431" /><testcase classname="tests.backend_test.TestMailboxes" name="test_oauth_callback_invalid_state" time="0.124" /><testcase classname="tests.backend_test.TestMailboxes" name="test_oauth_callback_missing_state" time="0.130" /><testcase classname="tests.backend_test.TestConfig" name="test_config_status" time="0.128" /><testcase classname="tests.backend_test.TestSearch" name="test_search_unknown_category" time="0.135" /><testcase classname="tests.backend_test.TestConfig" name="test_categories" time="0.164" /><testcase classname="tests.backend_test.TestSearch" name="test_search_no_assignment" time="0.130" /></testsuite></testsuites>